2023.05.08 11:53:31 INFO  es[][o.e.n.Node] version[7.16.2], pid[38], build[default/tar/2b937c44140b6559905130a8650c64dbd0879cfb/2021-12-18T19:42:46.604893745Z], OS[Linux/5.19.0-41-generic/amd64], JVM[Eclipse Adoptium/OpenJDK 64-Bit Server VM/11.0.13/11.0.13+8]
2023.05.08 11:53:31 INFO  es[][o.e.n.Node] JVM home [/opt/java/openjdk]
2023.05.08 11:53:31 INFO  es[][o.e.n.Node] JVM arguments [-XX:+UseG1GC, -Djava.io.tmpdir=/opt/sonarqube/temp, -XX:ErrorFile=../logs/es_hs_err_pid%p.log, -Des.networkaddress.cache.ttl=60, -Des.networkaddress.cache.negative.ttl=10, -XX:+AlwaysPreTouch, -Xss1m, -Djava.awt.headless=true, -Dfile.encoding=UTF-8, -Djna.nosys=true, -Djna.tmpdir=/opt/sonarqube/temp, -XX:-OmitStackTraceInFastThrow, -Dio.netty.noUnsafe=true, -Dio.netty.noKeySetOptimization=true, -Dio.netty.recycler.maxCapacityPerThread=0, -Dio.netty.allocator.numDirectArenas=0, -Dlog4j.shutdownHookEnabled=false, -Dlog4j2.disable.jmx=true, -Dlog4j2.formatMsgNoLookups=true, -Djava.locale.providers=COMPAT, -Xmx512m, -Xms512m, -XX:MaxDirectMemorySize=256m, -XX:+HeapDumpOnOutOfMemoryError, -Des.path.home=/opt/sonarqube/elasticsearch, -Des.path.conf=/opt/sonarqube/temp/conf/es, -Des.distribution.flavor=default, -Des.distribution.type=tar, -Des.bundled_jdk=false]
2023.05.08 11:53:31 INFO  es[][o.e.p.PluginsService] loaded module [analysis-common]
2023.05.08 11:53:31 INFO  es[][o.e.p.PluginsService] loaded module [lang-painless]
2023.05.08 11:53:31 INFO  es[][o.e.p.PluginsService] loaded module [parent-join]
2023.05.08 11:53:31 INFO  es[][o.e.p.PluginsService] loaded module [reindex]
2023.05.08 11:53:31 INFO  es[][o.e.p.PluginsService] loaded module [transport-netty4]
2023.05.08 11:53:31 INFO  es[][o.e.p.PluginsService] no plugins loaded
2023.05.08 11:53:31 INFO  es[][o.e.e.NodeEnvironment] using [1] data paths, mounts [[/opt/sonarqube/data (/dev/nvme0n1p2)]], net usable_space [172gb], net total_space [233.1gb], types [ext4]
2023.05.08 11:53:31 INFO  es[][o.e.e.NodeEnvironment] heap size [512mb], compressed ordinary object pointers [true]
2023.05.08 11:53:31 INFO  es[][o.e.n.Node] node name [sonarqube], node ID [JWqcFVVoRz6r_y9zyOxjYg], cluster name [sonarqube], roles [data_frozen, master, remote_cluster_client, data, data_content, data_hot, data_warm, data_cold, ingest]
2023.05.08 11:53:33 INFO  es[][o.e.t.NettyAllocator] creating NettyAllocator with the following configs: [name=unpooled, suggested_max_allocation_size=256kb, factors={es.unsafe.use_unpooled_allocator=null, g1gc_enabled=true, g1gc_region_size=1mb, heap_size=512mb}]
2023.05.08 11:53:33 INFO  es[][o.e.d.DiscoveryModule] using discovery type [zen] and seed hosts providers [settings]
2023.05.08 11:53:34 INFO  es[][o.e.g.DanglingIndicesState] gateway.auto_import_dangling_indices is disabled, dangling indices will not be automatically detected or imported and must be managed manually
2023.05.08 11:53:34 INFO  es[][o.e.n.Node] initialized
2023.05.08 11:53:34 INFO  es[][o.e.n.Node] starting ...
2023.05.08 11:53:34 INFO  es[][o.e.t.TransportService] publish_address {127.0.0.1:43219}, bound_addresses {127.0.0.1:43219}
2023.05.08 11:53:34 WARN  es[][o.e.b.BootstrapChecks] max virtual memory areas vm.max_map_count [65530] is too low, increase to at least [262144]
2023.05.08 11:53:34 INFO  es[][o.e.c.c.Coordinator] setting initial configuration to VotingConfiguration{JWqcFVVoRz6r_y9zyOxjYg}
2023.05.08 11:53:34 INFO  es[][o.e.c.s.MasterService] elected-as-master ([1] nodes joined)[{sonarqube}{JWqcFVVoRz6r_y9zyOxjYg}{N9z9N_d5TFKiZI85XdsDRw}{127.0.0.1}{127.0.0.1:43219}{cdfhimrsw} elect leader, _BECOME_MASTER_TASK_, _FINISH_ELECTION_], term: 1, version: 1, delta: master node changed {previous [], current [{sonarqube}{JWqcFVVoRz6r_y9zyOxjYg}{N9z9N_d5TFKiZI85XdsDRw}{127.0.0.1}{127.0.0.1:43219}{cdfhimrsw}]}
2023.05.08 11:53:34 INFO  es[][o.e.c.c.CoordinationState] cluster UUID set to [Ge6BAMcSSVez6-MOO0wdEA]
2023.05.08 11:53:34 INFO  es[][o.e.c.s.ClusterApplierService] master node changed {previous [], current [{sonarqube}{JWqcFVVoRz6r_y9zyOxjYg}{N9z9N_d5TFKiZI85XdsDRw}{127.0.0.1}{127.0.0.1:43219}{cdfhimrsw}]}, term: 1, version: 1, reason: Publication{term=1, version=1}
2023.05.08 11:53:34 INFO  es[][o.e.h.AbstractHttpServerTransport] publish_address {127.0.0.1:9001}, bound_addresses {127.0.0.1:9001}
2023.05.08 11:53:34 INFO  es[][o.e.n.Node] started
2023.05.08 11:53:34 INFO  es[][o.e.g.GatewayService] recovered [0] indices into cluster_state
2023.05.08 11:53:40 INFO  es[][o.e.c.m.MetadataCreateIndexService] [metadatas] creating index, cause [api], templates [], shards [1]/[0]
2023.05.08 11:53:40 INFO  es[][o.e.c.r.a.AllocationService] Cluster health status changed from [YELLOW] to [GREEN] (reason: [shards started [[metadatas][0]]]).
2023.05.08 11:53:40 INFO  es[][o.e.c.m.MetadataMappingService] [metadatas/gaUtnzuaQLuK5dXZDMMNUg] create_mapping [metadata]
2023.05.08 11:53:40 INFO  es[][o.e.c.m.MetadataCreateIndexService] [components] creating index, cause [api], templates [], shards [5]/[0]
2023.05.08 11:53:40 INFO  es[][o.e.c.r.a.AllocationService] Cluster health status changed from [YELLOW] to [GREEN] (reason: [shards started [[components][4]]]).
2023.05.08 11:53:40 INFO  es[][o.e.c.m.MetadataMappingService] [components/y1Is4ymBSxiiBKmvGUY_tQ] create_mapping [auth]
2023.05.08 11:53:40 INFO  es[][o.e.c.m.MetadataCreateIndexService] [projectmeasures] creating index, cause [api], templates [], shards [5]/[0]
2023.05.08 11:53:40 INFO  es[][o.e.c.r.a.AllocationService] Cluster health status changed from [YELLOW] to [GREEN] (reason: [shards started [[projectmeasures][4]]]).
2023.05.08 11:53:40 INFO  es[][o.e.c.m.MetadataMappingService] [projectmeasures/eBczq1f6RuyuRU-eNQt9tA] create_mapping [auth]
2023.05.08 11:53:40 INFO  es[][o.e.c.m.MetadataCreateIndexService] [rules] creating index, cause [api], templates [], shards [2]/[0]
2023.05.08 11:53:40 INFO  es[][o.e.c.r.a.AllocationService] Cluster health status changed from [YELLOW] to [GREEN] (reason: [shards started [[rules][0]]]).
2023.05.08 11:53:41 INFO  es[][o.e.c.m.MetadataMappingService] [rules/bkrXtqTkQdK2j1msWEOCcw] create_mapping [rule]
2023.05.08 11:53:41 INFO  es[][o.e.c.m.MetadataCreateIndexService] [issues] creating index, cause [api], templates [], shards [5]/[0]
2023.05.08 11:53:41 INFO  es[][o.e.c.r.a.AllocationService] Cluster health status changed from [YELLOW] to [GREEN] (reason: [shards started [[issues][4]]]).
2023.05.08 11:53:41 INFO  es[][o.e.c.m.MetadataMappingService] [issues/7m7sh2LoSf6KoMcRQTJMhA] create_mapping [auth]
2023.05.08 11:53:41 INFO  es[][o.e.c.m.MetadataCreateIndexService] [users] creating index, cause [api], templates [], shards [1]/[0]
2023.05.08 11:53:41 INFO  es[][o.e.c.r.a.AllocationService] Cluster health status changed from [YELLOW] to [GREEN] (reason: [shards started [[users][0]]]).
2023.05.08 11:53:41 INFO  es[][o.e.c.m.MetadataMappingService] [users/CcT13nDxRlugrOKOwXuSTQ] create_mapping [user]
2023.05.08 11:53:41 INFO  es[][o.e.c.m.MetadataCreateIndexService] [views] creating index, cause [api], templates [], shards [5]/[0]
2023.05.08 11:53:41 INFO  es[][o.e.c.r.a.AllocationService] Cluster health status changed from [YELLOW] to [GREEN] (reason: [shards started [[views][4]]]).
2023.05.08 11:53:41 INFO  es[][o.e.c.m.MetadataMappingService] [views/izqkl_KJR-C2Q98oMY0LtA] create_mapping [view]
2023.05.08 11:53:52 INFO  es[][o.e.c.s.IndexScopedSettings] updating [index.refresh_interval] from [30s] to [-1]
2023.05.08 11:53:52 INFO  es[][o.e.c.s.IndexScopedSettings] updating [index.refresh_interval] from [30s] to [-1]
2023.05.08 11:53:52 INFO  es[][o.e.c.s.IndexScopedSettings] updating [index.refresh_interval] from [-1] to [30s]
2023.05.08 11:53:52 INFO  es[][o.e.c.s.IndexScopedSettings] updating [index.refresh_interval] from [-1] to [30s]
2023.05.08 11:53:52 INFO  es[][o.e.c.s.IndexScopedSettings] updating [index.refresh_interval] from [30s] to [-1]
2023.05.08 11:53:52 INFO  es[][o.e.c.s.IndexScopedSettings] updating [index.refresh_interval] from [30s] to [-1]
2023.05.08 11:53:52 INFO  es[][o.e.c.s.IndexScopedSettings] updating [index.refresh_interval] from [-1] to [30s]
2023.05.08 11:53:52 INFO  es[][o.e.c.s.IndexScopedSettings] updating [index.refresh_interval] from [-1] to [30s]
2023.05.08 13:30:40 INFO  es[][o.e.n.Node] stopping ...
2023.05.08 13:30:40 INFO  es[][o.e.n.Node] stopped
2023.05.08 13:30:40 INFO  es[][o.e.n.Node] closing ...
2023.05.08 13:30:40 INFO  es[][o.e.n.Node] closed
